1679837293278:s
1679837297803:m
1679852953760:skdjf
1679852957133:s
1679852960798:m
1679930196781:s
1679930200570:m
1680369925531:sj
1680375376252:sj2
1680433519195:sj
1680451792600:sj2
1680451798504:sj3
1680451816760:sj3 test.csv
1680453824711:sj
1680453827350:sj2
1680454752665:sj
1680454755419:sj2
1680454762554:sj3 test.csv
1680454953968:sj3 --inputFileName=test.csv
1680454991328:sj3 -i test.csv
1680455169893:sj
1680455171894:sj2
1680455173957:sj3
1680455257704:sj3 test.csv
1680456904900:sj3 /Users/shehovtsovsu/Desktop/OTUS-repo/lesson19/2022-11-otus-shekhovtsov-lesson19/src/main/resources/test.csv
1680457161694:sj3 test.csv
1680527841409:sj
1680528217380:stacktrace
1680528252009:sj
